0 info it worked if it ends with ok
1 verbose cli [ 'node',
1 verbose cli   '/usr/local/bin/npm',
1 verbose cli   'install',
1 verbose cli   'errorhandle',
1 verbose cli   '--save' ]
2 info using npm@1.4.28
3 info using node@v0.10.33
4 verbose readDependencies using package.json deps
5 verbose cache add [ 'errorhandle', null ]
6 verbose cache add name=undefined spec="errorhandle" args=["errorhandle",null]
7 verbose parsed url { protocol: null,
7 verbose parsed url   slashes: null,
7 verbose parsed url   auth: null,
7 verbose parsed url   host: null,
7 verbose parsed url   port: null,
7 verbose parsed url   hostname: null,
7 verbose parsed url   hash: null,
7 verbose parsed url   search: null,
7 verbose parsed url   query: null,
7 verbose parsed url   pathname: 'errorhandle',
7 verbose parsed url   path: 'errorhandle',
7 verbose parsed url   href: 'errorhandle' }
8 silly lockFile 112ee4d5-errorhandle errorhandle
9 verbose lock errorhandle /Users/hoangtrieukhang/.npm/112ee4d5-errorhandle.lock
10 silly lockFile 112ee4d5-errorhandle errorhandle
11 silly lockFile 112ee4d5-errorhandle errorhandle
12 verbose addNamed [ 'errorhandle', '' ]
13 verbose addNamed [ null, '*' ]
14 silly lockFile df013572-errorhandle errorhandle@
15 verbose lock errorhandle@ /Users/hoangtrieukhang/.npm/df013572-errorhandle.lock
16 silly addNameRange { name: 'errorhandle', range: '*', hasData: false }
17 verbose request where is /errorhandle
18 verbose request registry https://registry.npmjs.org/
19 verbose request id bc844e1e58a850a7
20 verbose url raw /errorhandle
21 verbose url resolving [ 'https://registry.npmjs.org/', './errorhandle' ]
22 verbose url resolved https://registry.npmjs.org/errorhandle
23 verbose request where is https://registry.npmjs.org/errorhandle
24 info trying registry request attempt 1 at 16:38:34
25 http GET https://registry.npmjs.org/errorhandle
26 http 404 https://registry.npmjs.org/errorhandle
27 verbose headers { date: 'Tue, 25 Nov 2014 09:38:36 GMT',
27 verbose headers   server: 'CouchDB/1.5.0 (Erlang OTP/R16B03)',
27 verbose headers   'content-type': 'application/json',
27 verbose headers   'cache-control': 'max-age=0',
27 verbose headers   'content-length': '52',
27 verbose headers   'accept-ranges': 'bytes',
27 verbose headers   via: '1.1 varnish',
27 verbose headers   age: '0',
27 verbose headers   'x-served-by': 'cache-lax1434-LAX',
27 verbose headers   'x-cache': 'MISS',
27 verbose headers   'x-cache-hits': '0',
27 verbose headers   'x-timer': 'S1416908316.006514,VS0,VE192',
27 verbose headers   'keep-alive': 'timeout=10, max=50',
27 verbose headers   connection: 'Keep-Alive' }
28 silly registry.get cb [ 404,
28 silly registry.get   { date: 'Tue, 25 Nov 2014 09:38:36 GMT',
28 silly registry.get     server: 'CouchDB/1.5.0 (Erlang OTP/R16B03)',
28 silly registry.get     'content-type': 'application/json',
28 silly registry.get     'cache-control': 'max-age=0',
28 silly registry.get     'content-length': '52',
28 silly registry.get     'accept-ranges': 'bytes',
28 silly registry.get     via: '1.1 varnish',
28 silly registry.get     age: '0',
28 silly registry.get     'x-served-by': 'cache-lax1434-LAX',
28 silly registry.get     'x-cache': 'MISS',
28 silly registry.get     'x-cache-hits': '0',
28 silly registry.get     'x-timer': 'S1416908316.006514,VS0,VE192',
28 silly registry.get     'keep-alive': 'timeout=10, max=50',
28 silly registry.get     connection: 'Keep-Alive' } ]
29 silly lockFile df013572-errorhandle errorhandle@
30 silly lockFile df013572-errorhandle errorhandle@
31 error 404 404 Not Found: errorhandle
31 error 404
31 error 404 'errorhandle' is not in the npm registry.
31 error 404 You should bug the author to publish it
31 error 404 It was specified as a dependency of 'NodeTraining'
31 error 404
31 error 404 Note that you can also install from a
31 error 404 tarball, folder, or http url, or git url.
32 error System Darwin 14.0.0
33 error command "node" "/usr/local/bin/npm" "install" "errorhandle" "--save"
34 error cwd /Users/hoangtrieukhang/Documents/2359Media/NodeTraining/NodeTraining
35 error node -v v0.10.33
36 error npm -v 1.4.28
37 error code E404
38 verbose exit [ 1, true ]
